Started GET "/" for ::1 at 2020-06-19 09:20:46 -0500
  [1m[35m (13.1ms)[0m  [1m[34mSELECT sqlite_version(*)[0m
Processing by Rails::WelcomeController#index as HTML
  Rendering /Users/vidhi.sharma/.rvm/gems/ruby-2.6.1/gems/railties-6.0.3.2/lib/rails/templates/rails/welcome/index.html.erb
  Rendered /Users/vidhi.sharma/.rvm/gems/ruby-2.6.1/gems/railties-6.0.3.2/lib/rails/templates/rails/welcome/index.html.erb (Duration: 82.3ms | Allocations: 481)
Completed 200 OK in 155ms (Views: 144.8ms | ActiveRecord: 0.0ms | Allocations: 2639)


  [1m[35m (1.7ms)[0m  [1m[34mSELECT sqlite_version(*)[0m
  [1m[35m (2.3ms)[0m  [1m[35mCREATE TABLE "schema_migrations" ("version" varchar NOT NULL PRIMARY KEY)[0m
  [1m[35m (1.3ms)[0m  [1m[35mCREATE TABLE "ar_internal_metadata" ("key" varchar NOT NULL PRIMARY KEY, "value" varchar, "created_at" datetime(6) NOT NULL, "updated_at" datetime(6) NOT NULL)[0m
  [1m[35m (0.1ms)[0m  [1m[34mSELECT "schema_migrations"."version" FROM "schema_migrations" ORDER BY "schema_migrations"."version" ASC[0m
Migrating to CreateDogs (20200619143546)
  [1m[35m (0.1ms)[0m  [1m[36mbegin transaction[0m
  [1m[35m (0.6ms)[0m  [1m[35mCREATE TABLE "dogs" ("id" integer PRIMARY KEY AUTOINCREMENT NOT NULL, "name" varchar, "breed" varchar, "age" integer, "created_at" datetime(6) NOT NULL, "updated_at" datetime(6) NOT NULL)[0m
  [1m[36mprimary::SchemaMigration Create (0.2ms)[0m  [1m[32mINSERT INTO "schema_migrations" ("version") VALUES (?)[0m  [["version", "20200619143546"]]
  [1m[35m (1.3ms)[0m  [1m[36mcommit transaction[0m
  [1m[36mActiveRecord::InternalMetadata Load (1.0ms)[0m  [1m[34mSELECT "ar_internal_metadata".* FROM "ar_internal_metadata" WHERE "ar_internal_metadata"."key" = ? LIMIT ?[0m  [["key", "environment"], ["LIMIT", 1]]
  [1m[35m (0.0ms)[0m  [1m[36mbegin transaction[0m
  [1m[36mActiveRecord::InternalMetadata Create (0.3ms)[0m  [1m[32mINSERT INTO "ar_internal_metadata" ("key", "value", "created_at", "updated_at") VALUES (?, ?, ?, ?)[0m  [["key", "environment"], ["value", "development"], ["created_at", "2020-06-19 14:37:50.999257"], ["updated_at", "2020-06-19 14:37:50.999257"]]
  [1m[35m (1.0ms)[0m  [1m[36mcommit transaction[0m
  [1m[35m (0.1ms)[0m  [1m[34mSELECT sqlite_version(*)[0m
  [1m[35m (0.1ms)[0m  [1m[34mSELECT "schema_migrations"."version" FROM "schema_migrations" ORDER BY "schema_migrations"."version" ASC[0m
  [1m[35m (0.9ms)[0m  [1m[34mSELECT sqlite_version(*)[0m
  [1m[35m (0.2ms)[0m  [1m[34mSELECT "schema_migrations"."version" FROM "schema_migrations" ORDER BY "schema_migrations"."version" ASC[0m
  [1m[35m (0.2ms)[0m  [1m[34mSELECT sqlite_version(*)[0m
  [1m[36mDog Load (1.1ms)[0m  [1m[34mSELECT "dogs".* FROM "dogs"[0m
  [1m[35m (0.1ms)[0m  [1m[36mbegin transaction[0m
  [1m[36mDog Create (1.5ms)[0m  [1m[32mINSERT INTO "dogs" ("name", "breed", "age", "created_at", "updated_at") VALUES (?, ?, ?, ?, ?)[0m  [["name", "Richi"], ["breed", "Pug"], ["age", 11], ["created_at", "2020-06-19 14:40:36.633040"], ["updated_at", "2020-06-19 14:40:36.633040"]]
  [1m[35m (1.1ms)[0m  [1m[36mcommit transaction[0m
  [1m[35m (0.1ms)[0m  [1m[36mbegin transaction[0m
  [1m[36mDog Create (0.4ms)[0m  [1m[32mINSERT INTO "dogs" ("name", "breed", "age", "created_at", "updated_at") VALUES (?, ?, ?, ?, ?)[0m  [["name", "Roxy"], ["breed", "Corgi"], ["age", 5], ["created_at", "2020-06-19 14:40:36.659770"], ["updated_at", "2020-06-19 14:40:36.659770"]]
  [1m[35m (1.9ms)[0m  [1m[36mcommit transaction[0m
  [1m[35m (0.1ms)[0m  [1m[36mbegin transaction[0m
  [1m[36mDog Create (0.5ms)[0m  [1m[32mINSERT INTO "dogs" ("name", "breed", "age", "created_at", "updated_at") VALUES (?, ?, ?, ?, ?)[0m  [["name", "Bozo"], ["breed", "mix"], ["age", 7], ["created_at", "2020-06-19 14:40:36.685691"], ["updated_at", "2020-06-19 14:40:36.685691"]]
  [1m[35m (4.8ms)[0m  [1m[36mcommit transaction[0m
  [1m[35m (0.5ms)[0m  [1m[34mSELECT sqlite_version(*)[0m
  [1m[36mDog Load (0.2ms)[0m  [1m[34mSELECT "dogs".* FROM "dogs" LIMIT ?[0m  [["LIMIT", 11]]
  [1m[35m (0.9ms)[0m  [1m[34mSELECT sqlite_version(*)[0m
  [1m[36mDog Load (0.5ms)[0m  [1m[34mSELECT "dogs".* FROM "dogs" LIMIT ?[0m  [["LIMIT", 11]]
Started GET "/dogs" for ::1 at 2020-06-19 10:00:40 -0500
  [1m[35m (1.0ms)[0m  [1m[34mSELECT sqlite_version(*)[0m
  [1m[35m (0.8ms)[0m  [1m[34mSELECT "schema_migrations"."version" FROM "schema_migrations" ORDER BY "schema_migrations"."version" ASC[0m
Processing by DogsController#index as HTML
Completed 500 Internal Server Error in 20473ms (ActiveRecord: 0.0ms | Allocations: 60522)


  
SystemExit (exit):
  
(byebug):1:in `exit'
(byebug):1:in `index'
app/controllers/dogs_controller.rb:10:in `index'
Started GET "/dogs" for ::1 at 2020-06-19 10:05:02 -0500
  [1m[35m (9.7ms)[0m  [1m[34mSELECT sqlite_version(*)[0m
Processing by DogsController#index as HTML
  Rendering dogs/index.html.erb within layouts/application
  Rendered dogs/index.html.erb within layouts/application (Duration: 14.3ms | Allocations: 25974)
Completed 200 OK in 1431ms (Views: 1338.9ms | ActiveRecord: 0.0ms | Allocations: 4230420)


Started GET "/dogs" for ::1 at 2020-06-19 10:06:16 -0500
  [1m[35m (5.8ms)[0m  [1m[34mSELECT sqlite_version(*)[0m
Processing by DogsController#index as HTML
  [1m[36mDog Load (4.4ms)[0m  [1m[34mSELECT "dogs".* FROM "dogs" LIMIT ?[0m  [["LIMIT", 11]]
Completed 500 Internal Server Error in 2473ms (ActiveRecord: 0.0ms | Allocations: 9431655)


  [1m[36mCACHE Dog Load (1.8ms)[0m  [1m[34mSELECT "dogs".* FROM "dogs" LIMIT ?[0m  [["LIMIT", 11]]
  
NoMethodError (undefined method `erb' for #<DogsController:0x00007f94e745c328>):
  
app/controllers/dogs_controller.rb:11:in `index'
Started GET "/dogs" for ::1 at 2020-06-19 10:06:53 -0500
  [1m[35m (3.9ms)[0m  [1m[34mSELECT sqlite_version(*)[0m
Processing by DogsController#index as HTML
  Rendering dogs/dogs.html.erb within layouts/application
  Rendered dogs/dogs.html.erb within layouts/application (Duration: 5.0ms | Allocations: 27639)
Completed 200 OK in 476ms (Views: 346.1ms | ActiveRecord: 0.0ms | Allocations: 1095688)


Started GET "/dogs" for ::1 at 2020-06-19 10:08:16 -0500
  [1m[35m (5.3ms)[0m  [1m[34mSELECT sqlite_version(*)[0m
Processing by DogsController#index as HTML
Completed 500 Internal Server Error in 15767ms (ActiveRecord: 0.0ms | Allocations: 127907)


  
SystemExit (exit):
  
(byebug):1:in `exit'
(byebug):1:in `index'
app/controllers/dogs_controller.rb:10:in `index'
Started GET "/dogs" for ::1 at 2020-06-19 10:09:00 -0500
Processing by DogsController#index as HTML
  Rendering dogs/index.html.erb within layouts/application
  Rendered dogs/index.html.erb within layouts/application (Duration: 5.6ms | Allocations: 88)
Completed 200 OK in 16171ms (Views: 17.3ms | ActiveRecord: 0.0ms | Allocations: 110777)


Started GET "/dogs" for ::1 at 2020-06-19 10:10:33 -0500
  [1m[35m (0.2ms)[0m  [1m[34mSELECT sqlite_version(*)[0m
Processing by DogsController#index as HTML
  Rendering dogs/index.html.erb within layouts/application
  [1m[36mDog Load (0.6ms)[0m  [1m[34mSELECT "dogs".* FROM "dogs"[0m
  ↳ app/views/dogs/index.html.erb:4
  Rendered dogs/index.html.erb within layouts/application (Duration: 19.9ms | Allocations: 4953)
Completed 200 OK in 69ms (Views: 63.8ms | ActiveRecord: 1.1ms | Allocations: 7932)


Started GET "/owners/index" for ::1 at 2020-06-19 10:13:22 -0500
  [1m[35m (11.5ms)[0m  [1m[34mSELECT sqlite_version(*)[0m
  [1m[35m (0.5ms)[0m  [1m[34mSELECT "schema_migrations"."version" FROM "schema_migrations" ORDER BY "schema_migrations"."version" ASC[0m
Processing by OwnersController#index as HTML
Completed 500 Internal Server Error in 17328ms (ActiveRecord: 0.0ms | Allocations: 41090)


  
SystemExit (exit):
  
(byebug):1:in `exit'
(byebug):1:in `index'
app/controllers/owners_controller.rb:4:in `index'
DEPRECATION WARNING: Using `bin/rake routes` is deprecated and will be removed in Rails 6.1. Use `bin/rails routes` instead.
 (called from load at /Users/vidhi.sharma/.rvm/gems/ruby-2.6.1/bin/rake:23)
DEPRECATION WARNING: Using `bin/rake routes` is deprecated and will be removed in Rails 6.1. Use `bin/rails routes` instead.
 (called from load at /Users/vidhi.sharma/.rvm/gems/ruby-2.6.1/bin/rake:23)
DEPRECATION WARNING: Using `bin/rake routes` is deprecated and will be removed in Rails 6.1. Use `bin/rails routes` instead.
 (called from load at /Users/vidhi.sharma/.rvm/gems/ruby-2.6.1/bin/rake:23)
Started GET "/dogs/1" for ::1 at 2020-06-19 10:23:01 -0500
  [1m[35m (0.8ms)[0m  [1m[34mSELECT sqlite_version(*)[0m
  [1m[35m (1.0ms)[0m  [1m[34mSELECT "schema_migrations"."version" FROM "schema_migrations" ORDER BY "schema_migrations"."version" ASC[0m
Processing by DogsController#show as HTML
  Parameters: {"id"=>"1"}
  [1m[36mDog Load (0.5ms)[0m  [1m[34mSELECT "dogs".* FROM "dogs" WHERE "dogs"."id" = ? LIMIT ?[0m  [["id", 1], ["LIMIT", 1]]
  ↳ (byebug):1:in `show'
Completed 500 Internal Server Error in 51182ms (ActiveRecord: 1.2ms | Allocations: 54031)


  
SystemExit (exit):
  
(byebug):1:in `exit'
(byebug):1:in `show'
app/controllers/dogs_controller.rb:16:in `show'
Started GET "/dogs/1" for ::1 at 2020-06-19 10:24:54 -0500
  [1m[35m (4.3ms)[0m  [1m[34mSELECT sqlite_version(*)[0m
Processing by DogsController#show as HTML
  Parameters: {"id"=>"1"}
  [1m[36mDog Load (5.0ms)[0m  [1m[34mSELECT "dogs".* FROM "dogs" WHERE "dogs"."id" = ? LIMIT ?[0m  [["id", 1], ["LIMIT", 1]]
  ↳ app/controllers/dogs_controller.rb:16:in `show'
  Rendering dogs/show.html.erb within layouts/application
  Rendered dogs/show.html.erb within layouts/application (Duration: 9.2ms | Allocations: 47107)
Completed 200 OK in 2300ms (Views: 1775.8ms | ActiveRecord: 23.2ms | Allocations: 6276353)


