  [1m[35m (3.4ms)[0m  [1m[34mSELECT sqlite_version(*)[0m
  [1m[35m (1.4ms)[0m  [1m[35mCREATE TABLE "schema_migrations" ("version" varchar NOT NULL PRIMARY KEY)[0m
  [1m[35m (1.2ms)[0m  [1m[35mCREATE TABLE "ar_internal_metadata" ("key" varchar NOT NULL PRIMARY KEY, "value" varchar, "created_at" datetime(6) NOT NULL, "updated_at" datetime(6) NOT NULL)[0m
  [1m[35m (0.4ms)[0m  [1m[34mSELECT "schema_migrations"."version" FROM "schema_migrations" ORDER BY "schema_migrations"."version" ASC[0m
Migrating to CreateInstructors (20200625065806)
  [1m[35m (0.1ms)[0m  [1m[36mbegin transaction[0m
  [1m[35m (0.7ms)[0m  [1m[35mCREATE TABLE "instructors" ("id" integer PRIMARY KEY AUTOINCREMENT NOT NULL, "name" varchar, "created_at" datetime(6) NOT NULL, "updated_at" datetime(6) NOT NULL)[0m
  [1m[36mprimary::SchemaMigration Create (0.1ms)[0m  [1m[32mINSERT INTO "schema_migrations" ("version") VALUES (?)[0m  [["version", "20200625065806"]]
  [1m[35m (1.1ms)[0m  [1m[36mcommit transaction[0m
Migrating to CreateStudents (20200625065931)
  [1m[35m (0.1ms)[0m  [1m[36mbegin transaction[0m
  [1m[35m (0.4ms)[0m  [1m[35mCREATE TABLE "students" ("id" integer PRIMARY KEY AUTOINCREMENT NOT NULL, "name" varchar, "major" varchar, "age" integer, "instructor_id" integer, "created_at" datetime(6) NOT NULL, "updated_at" datetime(6) NOT NULL)[0m
  [1m[36mprimary::SchemaMigration Create (0.2ms)[0m  [1m[32mINSERT INTO "schema_migrations" ("version") VALUES (?)[0m  [["version", "20200625065931"]]
  [1m[35m (1.1ms)[0m  [1m[36mcommit transaction[0m
  [1m[36mActiveRecord::InternalMetadata Load (0.1ms)[0m  [1m[34mSELECT "ar_internal_metadata".* FROM "ar_internal_metadata" WHERE "ar_internal_metadata"."key" = ? LIMIT ?[0m  [["key", "environment"], ["LIMIT", 1]]
  [1m[35m (0.1ms)[0m  [1m[36mbegin transaction[0m
  [1m[36mActiveRecord::InternalMetadata Create (0.6ms)[0m  [1m[32mINSERT INTO "ar_internal_metadata" ("key", "value", "created_at", "updated_at") VALUES (?, ?, ?, ?)[0m  [["key", "environment"], ["value", "development"], ["created_at", "2020-06-25 18:09:06.091427"], ["updated_at", "2020-06-25 18:09:06.091427"]]
  [1m[35m (15.2ms)[0m  [1m[36mcommit transaction[0m
  [1m[35m (0.1ms)[0m  [1m[34mSELECT sqlite_version(*)[0m
  [1m[35m (0.1ms)[0m  [1m[34mSELECT "schema_migrations"."version" FROM "schema_migrations" ORDER BY "schema_migrations"."version" ASC[0m
  [1m[35m (0.5ms)[0m  [1m[34mSELECT sqlite_version(*)[0m
  [1m[35m (0.2ms)[0m  [1m[34mSELECT "schema_migrations"."version" FROM "schema_migrations" ORDER BY "schema_migrations"."version" ASC[0m
  [1m[35m (0.1ms)[0m  [1m[34mSELECT sqlite_version(*)[0m
  [1m[36mInstructor Load (0.1ms)[0m  [1m[34mSELECT "instructors".* FROM "instructors"[0m
  [1m[36mStudent Load (0.3ms)[0m  [1m[34mSELECT "students".* FROM "students"[0m
  [1m[35m (0.1ms)[0m  [1m[36mbegin transaction[0m
  [1m[36mInstructor Create (1.0ms)[0m  [1m[32mINSERT INTO "instructors" ("name", "created_at", "updated_at") VALUES (?, ?, ?)[0m  [["name", "Deedee Ward"], ["created_at", "2020-06-25 18:09:19.776371"], ["updated_at", "2020-06-25 18:09:19.776371"]]
  [1m[35m (1.3ms)[0m  [1m[36mcommit transaction[0m
  [1m[35m (0.1ms)[0m  [1m[36mbegin transaction[0m
  [1m[36mInstructor Create (0.5ms)[0m  [1m[32mINSERT INTO "instructors" ("name", "created_at", "updated_at") VALUES (?, ?, ?)[0m  [["name", "Frankie Sporer"], ["created_at", "2020-06-25 18:09:19.785553"], ["updated_at", "2020-06-25 18:09:19.785553"]]
  [1m[35m (1.1ms)[0m  [1m[36mcommit transaction[0m
  [1m[35m (0.1ms)[0m  [1m[36mbegin transaction[0m
  [1m[36mInstructor Create (0.4ms)[0m  [1m[32mINSERT INTO "instructors" ("name", "created_at", "updated_at") VALUES (?, ?, ?)[0m  [["name", "Gov. Darcey Ortiz"], ["created_at", "2020-06-25 18:09:19.792060"], ["updated_at", "2020-06-25 18:09:19.792060"]]
  [1m[35m (1.1ms)[0m  [1m[36mcommit transaction[0m
  [1m[35m (0.1ms)[0m  [1m[36mbegin transaction[0m
  [1m[36mInstructor Create (0.6ms)[0m  [1m[32mINSERT INTO "instructors" ("name", "created_at", "updated_at") VALUES (?, ?, ?)[0m  [["name", "Shawn Dickens"], ["created_at", "2020-06-25 18:09:19.798792"], ["updated_at", "2020-06-25 18:09:19.798792"]]
  [1m[35m (1.3ms)[0m  [1m[36mcommit transaction[0m
  [1m[35m (0.1ms)[0m  [1m[36mbegin transaction[0m
  [1m[36mInstructor Create (0.5ms)[0m  [1m[32mINSERT INTO "instructors" ("name", "created_at", "updated_at") VALUES (?, ?, ?)[0m  [["name", "Nita Walter"], ["created_at", "2020-06-25 18:09:19.807627"], ["updated_at", "2020-06-25 18:09:19.807627"]]
  [1m[35m (1.0ms)[0m  [1m[36mcommit transaction[0m
  [1m[36mInstructor Load (0.5ms)[0m  [1m[34mSELECT "instructors".* FROM "instructors"[0m
  [1m[35m (0.1ms)[0m  [1m[36mbegin transaction[0m
  [1m[36mStudent Create (1.1ms)[0m  [1m[32mINSERT INTO "students" ("name", "major", "age", "instructor_id", "created_at", "updated_at") VALUES (?, ?, ?, ?, ?, ?)[0m  [["name", "Alesia Heathcote Ret."], ["major", "Design"], ["age", 33], ["instructor_id", 2], ["created_at", "2020-06-25 18:09:19.845426"], ["updated_at", "2020-06-25 18:09:19.845426"]]
  [1m[35m (1.2ms)[0m  [1m[36mcommit transaction[0m
  [1m[36mInstructor Load (0.1ms)[0m  [1m[34mSELECT "instructors".* FROM "instructors"[0m
  [1m[35m (0.0ms)[0m  [1m[36mbegin transaction[0m
  [1m[36mStudent Create (0.3ms)[0m  [1m[32mINSERT INTO "students" ("name", "major", "age", "instructor_id", "created_at", "updated_at") VALUES (?, ?, ?, ?, ?, ?)[0m  [["name", "Victoria Buckridge DVM"], ["major", "Biomedical Science"], ["age", 58], ["instructor_id", 3], ["created_at", "2020-06-25 18:09:19.855264"], ["updated_at", "2020-06-25 18:09:19.855264"]]
  [1m[35m (1.1ms)[0m  [1m[36mcommit transaction[0m
  [1m[36mInstructor Load (0.1ms)[0m  [1m[34mSELECT "instructors".* FROM "instructors"[0m
  [1m[35m (0.1ms)[0m  [1m[36mbegin transaction[0m
  [1m[36mStudent Create (0.5ms)[0m  [1m[32mINSERT INTO "students" ("name", "major", "age", "instructor_id", "created_at", "updated_at") VALUES (?, ?, ?, ?, ?, ?)[0m  [["name", "Patrica Green"], ["major", "Design"], ["age", 50], ["instructor_id", 2], ["created_at", "2020-06-25 18:09:19.861309"], ["updated_at", "2020-06-25 18:09:19.861309"]]
  [1m[35m (0.9ms)[0m  [1m[36mcommit transaction[0m
  [1m[36mInstructor Load (0.2ms)[0m  [1m[34mSELECT "instructors".* FROM "instructors"[0m
  [1m[35m (0.0ms)[0m  [1m[36mbegin transaction[0m
  [1m[36mStudent Create (0.6ms)[0m  [1m[32mINSERT INTO "students" ("name", "major", "age", "instructor_id", "created_at", "updated_at") VALUES (?, ?, ?, ?, ?, ?)[0m  [["name", "Latrisha Hintz"], ["major", "Biomedical Science"], ["age", 58], ["instructor_id", 1], ["created_at", "2020-06-25 18:09:19.868699"], ["updated_at", "2020-06-25 18:09:19.868699"]]
  [1m[35m (1.1ms)[0m  [1m[36mcommit transaction[0m
  [1m[36mInstructor Load (0.1ms)[0m  [1m[34mSELECT "instructors".* FROM "instructors"[0m
  [1m[35m (0.1ms)[0m  [1m[36mbegin transaction[0m
  [1m[36mStudent Create (0.4ms)[0m  [1m[32mINSERT INTO "students" ("name", "major", "age", "instructor_id", "created_at", "updated_at") VALUES (?, ?, ?, ?, ?, ?)[0m  [["name", "Msgr. Lynn Kub"], ["major", "Commerce"], ["age", 41], ["instructor_id", 4], ["created_at", "2020-06-25 18:09:19.874147"], ["updated_at", "2020-06-25 18:09:19.874147"]]
  [1m[35m (0.9ms)[0m  [1m[36mcommit transaction[0m
  [1m[36mInstructor Load (0.2ms)[0m  [1m[34mSELECT "instructors".* FROM "instructors"[0m
  [1m[35m (0.0ms)[0m  [1m[36mbegin transaction[0m
  [1m[36mStudent Create (0.6ms)[0m  [1m[32mINSERT INTO "students" ("name", "major", "age", "instructor_id", "created_at", "updated_at") VALUES (?, ?, ?, ?, ?, ?)[0m  [["name", "Armando Lehner"], ["major", "Law"], ["age", 38], ["instructor_id", 5], ["created_at", "2020-06-25 18:09:19.881232"], ["updated_at", "2020-06-25 18:09:19.881232"]]
  [1m[35m (1.6ms)[0m  [1m[36mcommit transaction[0m
  [1m[36mInstructor Load (0.2ms)[0m  [1m[34mSELECT "instructors".* FROM "instructors"[0m
  [1m[35m (0.0ms)[0m  [1m[36mbegin transaction[0m
  [1m[36mStudent Create (0.3ms)[0m  [1m[32mINSERT INTO "students" ("name", "major", "age", "instructor_id", "created_at", "updated_at") VALUES (?, ?, ?, ?, ?, ?)[0m  [["name", "Darell Hoeger"], ["major", "Biomedical Science"], ["age", 50], ["instructor_id", 1], ["created_at", "2020-06-25 18:09:19.889372"], ["updated_at", "2020-06-25 18:09:19.889372"]]
  [1m[35m (1.4ms)[0m  [1m[36mcommit transaction[0m
  [1m[36mInstructor Load (0.1ms)[0m  [1m[34mSELECT "instructors".* FROM "instructors"[0m
  [1m[35m (0.0ms)[0m  [1m[36mbegin transaction[0m
  [1m[36mStudent Create (0.6ms)[0m  [1m[32mINSERT INTO "students" ("name", "major", "age", "instructor_id", "created_at", "updated_at") VALUES (?, ?, ?, ?, ?, ?)[0m  [["name", "Brett Mayer"], ["major", "Engineering"], ["age", 29], ["instructor_id", 2], ["created_at", "2020-06-25 18:09:19.895089"], ["updated_at", "2020-06-25 18:09:19.895089"]]
  [1m[35m (1.3ms)[0m  [1m[36mcommit transaction[0m
  [1m[36mInstructor Load (0.1ms)[0m  [1m[34mSELECT "instructors".* FROM "instructors"[0m
  [1m[35m (0.1ms)[0m  [1m[36mbegin transaction[0m
  [1m[36mStudent Create (0.4ms)[0m  [1m[32mINSERT INTO "students" ("name", "major", "age", "instructor_id", "created_at", "updated_at") VALUES (?, ?, ?, ?, ?, ?)[0m  [["name", "Joel Waters"], ["major", "Nursing"], ["age", 58], ["instructor_id", 4], ["created_at", "2020-06-25 18:09:19.902526"], ["updated_at", "2020-06-25 18:09:19.902526"]]
  [1m[35m (0.8ms)[0m  [1m[36mcommit transaction[0m
  [1m[36mInstructor Load (0.1ms)[0m  [1m[34mSELECT "instructors".* FROM "instructors"[0m
  [1m[35m (0.1ms)[0m  [1m[36mbegin transaction[0m
  [1m[36mStudent Create (0.4ms)[0m  [1m[32mINSERT INTO "students" ("name", "major", "age", "instructor_id", "created_at", "updated_at") VALUES (?, ?, ?, ?, ?, ?)[0m  [["name", "Lucy Koss"], ["major", "Psychology"], ["age", 45], ["instructor_id", 5], ["created_at", "2020-06-25 18:09:19.908947"], ["updated_at", "2020-06-25 18:09:19.908947"]]
  [1m[35m (0.9ms)[0m  [1m[36mcommit transaction[0m
  [1m[36mInstructor Load (0.2ms)[0m  [1m[34mSELECT "instructors".* FROM "instructors"[0m
  [1m[35m (0.0ms)[0m  [1m[36mbegin transaction[0m
  [1m[36mStudent Create (0.3ms)[0m  [1m[32mINSERT INTO "students" ("name", "major", "age", "instructor_id", "created_at", "updated_at") VALUES (?, ?, ?, ?, ?, ?)[0m  [["name", "Gov. Kieth McLaughlin"], ["major", "Arts"], ["age", 20], ["instructor_id", 3], ["created_at", "2020-06-25 18:09:19.914149"], ["updated_at", "2020-06-25 18:09:19.914149"]]
  [1m[35m (1.6ms)[0m  [1m[36mcommit transaction[0m
  [1m[36mInstructor Load (0.2ms)[0m  [1m[34mSELECT "instructors".* FROM "instructors"[0m
  [1m[35m (0.0ms)[0m  [1m[36mbegin transaction[0m
  [1m[36mStudent Create (0.3ms)[0m  [1m[32mINSERT INTO "students" ("name", "major", "age", "instructor_id", "created_at", "updated_at") VALUES (?, ?, ?, ?, ?, ?)[0m  [["name", "Kyle Wilkinson"], ["major", "Criminology"], ["age", 48], ["instructor_id", 5], ["created_at", "2020-06-25 18:09:19.923534"], ["updated_at", "2020-06-25 18:09:19.923534"]]
  [1m[35m (1.1ms)[0m  [1m[36mcommit transaction[0m
Started GET "/students" for ::1 at 2020-06-25 13:17:48 -0500
  [1m[35m (8.7ms)[0m  [1m[34mSELECT sqlite_version(*)[0m
  [1m[35m (0.9ms)[0m  [1m[34mSELECT "schema_migrations"."version" FROM "schema_migrations" ORDER BY "schema_migrations"."version" ASC[0m
Processing by StudentsController#index as HTML
  Rendering students/index.html.erb within layouts/application
  [1m[36mStudent Load (14.6ms)[0m  [1m[34mSELECT "students".* FROM "students"[0m
  ↳ app/views/students/index.html.erb:4
  Rendered students/index.html.erb within layouts/application (Duration: 176.7ms | Allocations: 6218)
Completed 200 OK in 616ms (Views: 510.9ms | ActiveRecord: 15.4ms | Allocations: 29593)


Started GET "/instructors" for ::1 at 2020-06-25 13:17:59 -0500
Processing by InstructorsController#index as HTML
  Rendering instructors/index.html.erb within layouts/application
  [1m[36mInstructor Load (0.7ms)[0m  [1m[34mSELECT "instructors".* FROM "instructors"[0m
  ↳ app/views/instructors/index.html.erb:4
  Rendered instructors/index.html.erb within layouts/application (Duration: 15.1ms | Allocations: 3476)
Completed 200 OK in 33ms (Views: 22.8ms | ActiveRecord: 1.4ms | Allocations: 6723)


Started GET "/students/new" for ::1 at 2020-06-25 13:27:25 -0500
  [1m[35m (0.1ms)[0m  [1m[34mSELECT sqlite_version(*)[0m
Processing by StudentsController#new as HTML
  Rendering students/new.html.erb within layouts/application
  [1m[36mInstructor Load (0.7ms)[0m  [1m[34mSELECT "instructors".* FROM "instructors"[0m
  ↳ app/views/students/new.html.erb:12
  Rendered students/new.html.erb within layouts/application (Duration: 1250.9ms | Allocations: 201866)
Completed 200 OK in 1413ms (Views: 1292.3ms | ActiveRecord: 0.7ms | Allocations: 209825)


Started POST "/students" for ::1 at 2020-06-25 13:28:33 -0500
  [1m[35m (0.1ms)[0m  [1m[34mSELECT sqlite_version(*)[0m
Processing by StudentsController#create as HTML
  Parameters: {"authenticity_token"=>"Ip2U4gGCMP84jfjniaoYtnMnyA/6Ln3KX6d9F9klECLahEFK2KX/78BFutDLWQdvxzb7AST8yimmhD1seHx4jg==", "student"=>{"name"=>"Ziming", "major"=>"SE", "instructor_id"=>"5", "age"=>"21"}, "commit"=>"Create Student"}
Completed 500 Internal Server Error in 195227ms (ActiveRecord: 0.0ms | Allocations: 71461)


  
SystemExit (exit):
  
(byebug):1:in `exit'
(byebug):1:in `create'
app/controllers/students_controller.rb:14:in `create'
Started GET "/students/new" for ::1 at 2020-06-25 13:32:19 -0500
  [1m[35m (1.8ms)[0m  [1m[34mSELECT sqlite_version(*)[0m
Processing by StudentsController#new as HTML
  Rendering students/new.html.erb within layouts/application
  [1m[36mInstructor Load (8.2ms)[0m  [1m[34mSELECT "instructors".* FROM "instructors"[0m
  ↳ app/views/students/new.html.erb:12
  Rendered students/new.html.erb within layouts/application (Duration: 697.9ms | Allocations: 1476369)
Completed 200 OK in 2053ms (Views: 1003.0ms | ActiveRecord: 148.6ms | Allocations: 3333219)


Started POST "/students" for ::1 at 2020-06-25 13:32:35 -0500
Processing by StudentsController#create as HTML
  Parameters: {"authenticity_token"=>"JKtgxcHMyKigJuXhel7JZ1CvJTI/IUBNVTK1i1JmQrbcsrVtGOsHuFjup9Y4rda+5L4WPOHz966sEfXw8z8qGg==", "student"=>{"name"=>"Chad", "major"=>"SE", "instructor_id"=>"3", "age"=>"21"}, "commit"=>"Create Student"}
  [1m[35m (0.8ms)[0m  [1m[36mbegin transaction[0m
  ↳ app/controllers/students_controller.rb:14:in `create'
  [1m[36mInstructor Load (2.3ms)[0m  [1m[34mSELECT "instructors".* FROM "instructors" WHERE "instructors"."id" = ? LIMIT ?[0m  [["id", 3], ["LIMIT", 1]]
  ↳ app/controllers/students_controller.rb:14:in `create'
  [1m[36mStudent Create (11.7ms)[0m  [1m[32mINSERT INTO "students" ("name", "major", "age", "instructor_id", "created_at", "updated_at") VALUES (?, ?, ?, ?, ?, ?)[0m  [["name", "Chad"], ["major", "SE"], ["age", 21], ["instructor_id", 3], ["created_at", "2020-06-25 18:32:36.316633"], ["updated_at", "2020-06-25 18:32:36.316633"]]
  ↳ app/controllers/students_controller.rb:14:in `create'
  [1m[35m (1.8ms)[0m  [1m[36mcommit transaction[0m
  ↳ app/controllers/students_controller.rb:14:in `create'
Redirected to http://localhost:3000/instructors/3
Completed 302 Found in 651ms (ActiveRecord: 16.5ms | Allocations: 1584779)


Started GET "/instructors/3" for ::1 at 2020-06-25 13:32:36 -0500
Processing by InstructorsController#show as HTML
  Parameters: {"id"=>"3"}
Completed 500 Internal Server Error in 277151ms (ActiveRecord: 0.0ms | Allocations: 149104)


  
SystemExit (exit):
  
(byebug):1:in `exit'
(byebug):1:in `show'
app/controllers/instructors_controller.rb:9:in `show'
Started GET "/instructors/3" for ::1 at 2020-06-25 13:37:55 -0500
  [1m[35m (1.6ms)[0m  [1m[34mSELECT sqlite_version(*)[0m
Processing by InstructorsController#show as HTML
  Parameters: {"id"=>"3"}
  [1m[36mInstructor Load (2.4ms)[0m  [1m[34mSELECT "instructors".* FROM "instructors" WHERE "instructors"."id" = ? LIMIT ?[0m  [["id", 3], ["LIMIT", 1]]
  ↳ app/controllers/instructors_controller.rb:9:in `show'
  Rendering instructors/show.html.erb within layouts/application
  [1m[36mStudent Load (8.0ms)[0m  [1m[34mSELECT "students".* FROM "students" WHERE "students"."instructor_id" = ?[0m  [["instructor_id", 3]]
  ↳ app/views/instructors/show.html.erb:6
  Rendered instructors/show.html.erb within layouts/application (Duration: 616.1ms | Allocations: 1971847)
Completed 200 OK in 1240ms (Views: 766.6ms | ActiveRecord: 47.2ms | Allocations: 4145285)


Started GET "/students/13" for ::1 at 2020-06-25 13:38:11 -0500
Processing by StudentsController#show as HTML
  Parameters: {"id"=>"13"}
Completed 500 Internal Server Error in 34348ms (ActiveRecord: 0.0ms | Allocations: 50853)


  
SystemExit (exit):
  
(byebug):1:in `exit'
(byebug):1:in `show'
app/controllers/students_controller.rb:21:in `show'
Started GET "/students/13" for ::1 at 2020-06-25 13:41:10 -0500
  [1m[35m (6.1ms)[0m  [1m[34mSELECT sqlite_version(*)[0m
Processing by StudentsController#show as HTML
  Parameters: {"id"=>"13"}
  [1m[36mStudent Load (2.7ms)[0m  [1m[34mSELECT "students".* FROM "students" WHERE "students"."id" = ? LIMIT ?[0m  [["id", 13], ["LIMIT", 1]]
  ↳ app/controllers/students_controller.rb:21:in `show'
  Rendering students/show.html.erb within layouts/application
  [1m[36mInstructor Load (5.0ms)[0m  [1m[34mSELECT "instructors".* FROM "instructors" WHERE "instructors"."id" = ? LIMIT ?[0m  [["id", 3], ["LIMIT", 1]]
  ↳ app/views/students/show.html.erb:4
  Rendered students/show.html.erb within layouts/application (Duration: 406.6ms | Allocations: 1483452)
Completed 200 OK in 1113ms (Views: 594.3ms | ActiveRecord: 65.9ms | Allocations: 3956345)


Started GET "/instructors/3" for ::1 at 2020-06-25 13:41:19 -0500
Processing by InstructorsController#show as HTML
  Parameters: {"id"=>"3"}
  [1m[36mInstructor Load (2.9ms)[0m  [1m[34mSELECT "instructors".* FROM "instructors" WHERE "instructors"."id" = ? LIMIT ?[0m  [["id", 3], ["LIMIT", 1]]
  ↳ app/controllers/instructors_controller.rb:9:in `show'
  Rendering instructors/show.html.erb within layouts/application
  [1m[36mStudent Load (3.1ms)[0m  [1m[34mSELECT "students".* FROM "students" WHERE "students"."instructor_id" = ?[0m  [["instructor_id", 3]]
  ↳ app/views/instructors/show.html.erb:6
  Rendered instructors/show.html.erb within layouts/application (Duration: 203.0ms | Allocations: 646150)
Completed 200 OK in 486ms (Views: 399.4ms | ActiveRecord: 6.0ms | Allocations: 1653059)


Started GET "/students/new" for ::1 at 2020-06-25 13:45:57 -0500
  [1m[35m (21.7ms)[0m  [1m[34mSELECT sqlite_version(*)[0m
Processing by StudentsController#new as HTML
  Rendering students/new.html.erb within layouts/application
  [1m[36mInstructor Load (5.4ms)[0m  [1m[34mSELECT "instructors".* FROM "instructors"[0m
  ↳ app/views/students/new.html.erb:12
  Rendered students/new.html.erb within layouts/application (Duration: 604.0ms | Allocations: 1870905)
Completed 200 OK in 1342ms (Views: 774.7ms | ActiveRecord: 32.4ms | Allocations: 4221024)


Started POST "/students" for ::1 at 2020-06-25 13:46:18 -0500
Processing by StudentsController#create as HTML
  Parameters: {"authenticity_token"=>"PHVw5o16mVtjsBAhLiRTC+UDYSgZ+znWwn5S4Qp1EO/EbKVOVF1WS5t4UhZs10zSURJSJscpjjU7XRKaqyx4Qw==", "student"=>{"name"=>"James", "major"=>"SE", "instructor_id"=>"4", "age"=>"15"}, "commit"=>"Create Student"}
  [1m[36mInstructor Load (4.9ms)[0m  [1m[34mSELECT "instructors".* FROM "instructors" WHERE "instructors"."id" = ? LIMIT ?[0m  [["id", 4], ["LIMIT", 1]]
  ↳ app/controllers/students_controller.rb:16:in `create'
Redirected to http://localhost:3000/students/new
Completed 302 Found in 728ms (ActiveRecord: 4.9ms | Allocations: 1088687)


Started GET "/students/new" for ::1 at 2020-06-25 13:46:19 -0500
Processing by StudentsController#new as HTML
  Rendering students/new.html.erb within layouts/application
  [1m[36mInstructor Load (17.8ms)[0m  [1m[34mSELECT "instructors".* FROM "instructors"[0m
  ↳ app/views/students/new.html.erb:12
  Rendered students/new.html.erb within layouts/application (Duration: 748.3ms | Allocations: 1063894)
Completed 200 OK in 982ms (Views: 953.0ms | ActiveRecord: 17.8ms | Allocations: 1686373)


Started POST "/students" for ::1 at 2020-06-25 13:51:06 -0500
  [1m[35m (1.9ms)[0m  [1m[34mSELECT sqlite_version(*)[0m
Processing by StudentsController#create as HTML
  Parameters: {"authenticity_token"=>"BTT9aifHAcEqsDiMsUXL3xzQBrb0fw7pcP0s1BB35qv9LSjC/uDO0dJ4ervzttQGqME1uCqtuQqJ3myvsS6OBw==", "student"=>{"name"=>"Anmol", "major"=>"SE", "instructor_id"=>"3", "age"=>"12"}, "commit"=>"Create Student"}
  [1m[36mInstructor Load (2.3ms)[0m  [1m[34mSELECT "instructors".* FROM "instructors" WHERE "instructors"."id" = ? LIMIT ?[0m  [["id", 3], ["LIMIT", 1]]
  ↳ app/controllers/students_controller.rb:16:in `create'
Redirected to http://localhost:3000/students/new
Completed 302 Found in 1031ms (ActiveRecord: 65.9ms | Allocations: 3570533)


Started GET "/students/new" for ::1 at 2020-06-25 13:51:09 -0500
Processing by StudentsController#new as HTML
  Rendering students/new.html.erb within layouts/application
  [1m[36mInstructor Load (1.6ms)[0m  [1m[34mSELECT "instructors".* FROM "instructors"[0m
  ↳ app/views/students/new.html.erb:20
  Rendered students/new.html.erb within layouts/application (Duration: 298.3ms | Allocations: 1123520)
Completed 200 OK in 622ms (Views: 551.4ms | ActiveRecord: 1.6ms | Allocations: 1898603)


Started GET "/students/new" for ::1 at 2020-06-25 13:51:56 -0500
  [1m[35m (3.8ms)[0m  [1m[34mSELECT sqlite_version(*)[0m
Processing by StudentsController#new as HTML
  Rendering students/new.html.erb within layouts/application
  [1m[36mInstructor Load (3.7ms)[0m  [1m[34mSELECT "instructors".* FROM "instructors"[0m
  ↳ app/views/students/new.html.erb:20
  Rendered students/new.html.erb within layouts/application (Duration: 1430.0ms | Allocations: 1837262)
Completed 200 OK in 3534ms (Views: 1716.5ms | ActiveRecord: 185.4ms | Allocations: 4159245)


Started POST "/students" for ::1 at 2020-06-25 13:52:15 -0500
Processing by StudentsController#create as HTML
  Parameters: {"authenticity_token"=>"1u1Mwzh/yxUEwnBL0X2h8MbyHnFV+Ipyk0jPKdTYhgMu9Jlr4VgEBfwKMnyTjr4pcuMtf4sqPZFqa49SdYHurw==", "student"=>{"name"=>"Anmol", "major"=>"SE", "instructor_id"=>"4", "age"=>"12"}, "commit"=>"Create Student"}
  [1m[36mInstructor Load (1.7ms)[0m  [1m[34mSELECT "instructors".* FROM "instructors" WHERE "instructors"."id" = ? LIMIT ?[0m  [["id", 4], ["LIMIT", 1]]
  ↳ app/controllers/students_controller.rb:16:in `create'
Redirected to http://localhost:3000/students/new
Completed 302 Found in 484ms (ActiveRecord: 1.7ms | Allocations: 1025560)


Started GET "/students/new" for ::1 at 2020-06-25 13:52:16 -0500
Processing by StudentsController#new as HTML
  Rendering students/new.html.erb within layouts/application
  [1m[36mInstructor Load (1.6ms)[0m  [1m[34mSELECT "instructors".* FROM "instructors"[0m
  ↳ app/views/students/new.html.erb:20
  Rendered students/new.html.erb within layouts/application (Duration: 313.1ms | Allocations: 1072763)
Completed 200 OK in 542ms (Views: 480.4ms | ActiveRecord: 1.6ms | Allocations: 1695241)


Started GET "/students/new" for ::1 at 2020-06-25 14:05:27 -0500
  [1m[35m (1.1ms)[0m  [1m[34mSELECT sqlite_version(*)[0m
Processing by StudentsController#new as HTML
  Rendering students/new.html.erb within layouts/application
  [1m[36mInstructor Load (3.6ms)[0m  [1m[34mSELECT "instructors".* FROM "instructors"[0m
  ↳ app/views/students/_form.html.erb:18
  Rendered students/_form.html.erb (Duration: 281.7ms | Allocations: 1716374)
  Rendered students/new.html.erb within layouts/application (Duration: 301.2ms | Allocations: 1811344)
Completed 200 OK in 692ms (Views: 388.3ms | ActiveRecord: 3.6ms | Allocations: 4006815)


Started GET "/students/13/edit" for ::1 at 2020-06-25 14:05:32 -0500
Processing by StudentsController#edit as HTML
  Parameters: {"id"=>"13"}
  [1m[36mStudent Load (6.3ms)[0m  [1m[34mSELECT "students".* FROM "students" WHERE "students"."id" = ? LIMIT ?[0m  [["id", 13], ["LIMIT", 1]]
  ↳ app/controllers/students_controller.rb:33:in `edit'
  Rendering students/edit.html.erb within layouts/application
  [1m[36mInstructor Load (10.1ms)[0m  [1m[34mSELECT "instructors".* FROM "instructors"[0m
  ↳ app/views/students/_form.html.erb:18
  Rendered students/_form.html.erb (Duration: 667.2ms | Allocations: 1097078)
  Rendered students/edit.html.erb within layouts/application (Duration: 717.4ms | Allocations: 1162017)
Completed 200 OK in 1393ms (Views: 1041.8ms | ActiveRecord: 16.4ms | Allocations: 2083451)


Started PATCH "/students/13" for ::1 at 2020-06-25 14:06:42 -0500
Processing by StudentsController#update as HTML
  Parameters: {"authenticity_token"=>"aqmyq7kuuREzkpL3TZDuuNEwOx7bMsPy6dqp1kxhfd3mVb/M000jO0qbu4MNRWCOfuX/s81deiUqa+JeL2IonA==", "student"=>{"name"=>"Chad", "major"=>"SE", "instructor_id"=>"5", "age"=>"21"}, "commit"=>"Update Student", "id"=>"13"}
Completed 500 Internal Server Error in 7514ms (ActiveRecord: 0.0ms | Allocations: 193413)


  
SystemExit (exit):
  
(byebug):1:in `exit'
(byebug):1:in `update'
app/controllers/students_controller.rb:39:in `update'
Started GET "/students/13/edit" for ::1 at 2020-06-25 14:08:13 -0500
  [1m[35m (3.7ms)[0m  [1m[34mSELECT sqlite_version(*)[0m
Processing by StudentsController#edit as HTML
  Parameters: {"id"=>"13"}
  [1m[36mStudent Load (7.2ms)[0m  [1m[34mSELECT "students".* FROM "students" WHERE "students"."id" = ? LIMIT ?[0m  [["id", 13], ["LIMIT", 1]]
  ↳ app/controllers/students_controller.rb:33:in `edit'
  Rendering students/edit.html.erb within layouts/application
  [1m[36mInstructor Load (3.1ms)[0m  [1m[34mSELECT "instructors".* FROM "instructors"[0m
  ↳ app/views/students/_form.html.erb:18
  Rendered students/_form.html.erb (Duration: 830.6ms | Allocations: 1864879)
  Rendered students/edit.html.erb within layouts/application (Duration: 856.6ms | Allocations: 1910124)
Completed 200 OK in 2183ms (Views: 1149.9ms | ActiveRecord: 95.2ms | Allocations: 4498925)


Started PATCH "/students/13" for ::1 at 2020-06-25 14:08:26 -0500
Processing by StudentsController#update as HTML
  Parameters: {"authenticity_token"=>"Xv6Kyo3kiViNd/ijgTqsq8gvrOqRIW0chywEi7cqKkrSAoet54cTcvR+0dfB7yKdZ/poR4dO1MtEnU8D1Cl/Cw==", "student"=>{"name"=>"Chad", "major"=>"SE", "instructor_id"=>"4", "age"=>"21"}, "commit"=>"Update Student", "id"=>"13"}
  [1m[36mStudent Load (4.0ms)[0m  [1m[34mSELECT "students".* FROM "students" WHERE "students"."id" = ? LIMIT ?[0m  [["id", 13], ["LIMIT", 1]]
  ↳ app/controllers/students_controller.rb:39:in `update'
  [1m[35m (1.7ms)[0m  [1m[36mbegin transaction[0m
  ↳ app/controllers/students_controller.rb:40:in `update'
  [1m[36mInstructor Load (2.2ms)[0m  [1m[34mSELECT "instructors".* FROM "instructors" WHERE "instructors"."id" = ? LIMIT ?[0m  [["id", 4], ["LIMIT", 1]]
  ↳ app/controllers/students_controller.rb:40:in `update'
  [1m[36mStudent Update (63.9ms)[0m  [1m[33mUPDATE "students" SET "instructor_id" = ?, "updated_at" = ? WHERE "students"."id" = ?[0m  [["instructor_id", 4], ["updated_at", "2020-06-25 19:08:27.751286"], ["id", 13]]
  ↳ app/controllers/students_controller.rb:40:in `update'
  [1m[35m (42.7ms)[0m  [1m[36mcommit transaction[0m
  ↳ app/controllers/students_controller.rb:40:in `update'
Redirected to http://localhost:3000/students/13
Completed 302 Found in 1461ms (ActiveRecord: 114.5ms | Allocations: 2153599)


Started GET "/students/13" for ::1 at 2020-06-25 14:08:28 -0500
Processing by StudentsController#show as HTML
  Parameters: {"id"=>"13"}
  [1m[36mStudent Load (4.3ms)[0m  [1m[34mSELECT "students".* FROM "students" WHERE "students"."id" = ? LIMIT ?[0m  [["id", 13], ["LIMIT", 1]]
  ↳ app/controllers/students_controller.rb:29:in `show'
  Rendering students/show.html.erb within layouts/application
  [1m[36mInstructor Load (6.3ms)[0m  [1m[34mSELECT "instructors".* FROM "instructors" WHERE "instructors"."id" = ? LIMIT ?[0m  [["id", 4], ["LIMIT", 1]]
  ↳ app/views/students/show.html.erb:4
  Rendered students/show.html.erb within layouts/application (Duration: 299.1ms | Allocations: 350184)
Completed 200 OK in 864ms (Views: 750.7ms | ActiveRecord: 10.6ms | Allocations: 1394235)


Started GET "/students/13/edit" for ::1 at 2020-06-25 14:13:17 -0500
  [1m[35m (3.6ms)[0m  [1m[34mSELECT sqlite_version(*)[0m
Processing by StudentsController#edit as HTML
  Parameters: {"id"=>"13"}
  [1m[36mStudent Load (1.9ms)[0m  [1m[34mSELECT "students".* FROM "students" WHERE "students"."id" = ? LIMIT ?[0m  [["id", 13], ["LIMIT", 1]]
  ↳ app/controllers/students_controller.rb:54:in `current_student'
  Rendering students/edit.html.erb within layouts/application
  [1m[36mInstructor Load (3.3ms)[0m  [1m[34mSELECT "instructors".* FROM "instructors"[0m
  ↳ app/views/students/_form.html.erb:18
  Rendered students/_form.html.erb (Duration: 519.1ms | Allocations: 1862264)
  Rendered students/edit.html.erb within layouts/application (Duration: 526.6ms | Allocations: 1907509)
Completed 200 OK in 1333ms (Views: 705.3ms | ActiveRecord: 52.1ms | Allocations: 4498196)


Started PATCH "/students/13" for ::1 at 2020-06-25 14:13:36 -0500
Processing by StudentsController#update as HTML
  Parameters: {"authenticity_token"=>"ynBdlRWUru7G489zIAzgD0zAye3lrGbBBMRULC477UlGjFDyf/c0xL/q5gdg2W454xUNQPPD3xbHdR+kTTi4CA==", "student"=>{"name"=>"Chad Palmer", "major"=>"SE", "instructor_id"=>"4", "age"=>"21"}, "commit"=>"Update Student", "id"=>"13"}
  [1m[36mStudent Load (2.5ms)[0m  [1m[34mSELECT "students".* FROM "students" WHERE "students"."id" = ? LIMIT ?[0m  [["id", 13], ["LIMIT", 1]]
  ↳ app/controllers/students_controller.rb:54:in `current_student'
  [1m[35m (2.6ms)[0m  [1m[36mbegin transaction[0m
  ↳ app/controllers/students_controller.rb:42:in `update'
  [1m[36mInstructor Load (5.8ms)[0m  [1m[34mSELECT "instructors".* FROM "instructors" WHERE "instructors"."id" = ? LIMIT ?[0m  [["id", 4], ["LIMIT", 1]]
  ↳ app/controllers/students_controller.rb:42:in `update'
  [1m[36mStudent Update (2.0ms)[0m  [1m[33mUPDATE "students" SET "name" = ?, "updated_at" = ? WHERE "students"."id" = ?[0m  [["name", "Chad Palmer"], ["updated_at", "2020-06-25 19:13:37.437465"], ["id", 13]]
  ↳ app/controllers/students_controller.rb:42:in `update'
  [1m[35m (5.1ms)[0m  [1m[36mcommit transaction[0m
  ↳ app/controllers/students_controller.rb:42:in `update'
Redirected to http://localhost:3000/students/13
Completed 302 Found in 1260ms (ActiveRecord: 18.0ms | Allocations: 1893374)


Started GET "/students/13" for ::1 at 2020-06-25 14:13:37 -0500
  [1m[35m (2.4ms)[0m  [1m[34mSELECT sqlite_version(*)[0m
Processing by StudentsController#show as HTML
  Parameters: {"id"=>"13"}
  [1m[36mStudent Load (92.4ms)[0m  [1m[34mSELECT "students".* FROM "students" WHERE "students"."id" = ? LIMIT ?[0m  [["id", 13], ["LIMIT", 1]]
  ↳ app/controllers/students_controller.rb:54:in `current_student'
  Rendering students/show.html.erb within layouts/application
  [1m[36mInstructor Load (2.3ms)[0m  [1m[34mSELECT "instructors".* FROM "instructors" WHERE "instructors"."id" = ? LIMIT ?[0m  [["id", 4], ["LIMIT", 1]]
  ↳ app/views/students/show.html.erb:4
  Rendered students/show.html.erb within layouts/application (Duration: 212.5ms | Allocations: 332878)
Completed 200 OK in 845ms (Views: 639.3ms | ActiveRecord: 94.8ms | Allocations: 1189178)


Started GET "/students/13/edit" for ::1 at 2020-06-25 14:16:29 -0500
  [1m[35m (34.0ms)[0m  [1m[34mSELECT sqlite_version(*)[0m
Processing by StudentsController#edit as HTML
  Parameters: {"id"=>"13"}
  [1m[36mStudent Load (2.2ms)[0m  [1m[34mSELECT "students".* FROM "students" WHERE "students"."id" = ? LIMIT ?[0m  [["id", 13], ["LIMIT", 1]]
  ↳ app/controllers/students_controller.rb:54:in `current_student'
  Rendering students/edit.html.erb within layouts/application
  [1m[36mInstructor Load (13.4ms)[0m  [1m[34mSELECT "instructors".* FROM "instructors"[0m
  ↳ app/views/students/_form.html.erb:18
  Rendered students/_form.html.erb (Duration: 634.6ms | Allocations: 1863180)
  Rendered students/edit.html.erb within layouts/application (Duration: 667.9ms | Allocations: 1908425)
Completed 200 OK in 1449ms (Views: 799.0ms | ActiveRecord: 56.2ms | Allocations: 4511175)


Started GET "/students/13/edit" for ::1 at 2020-06-25 14:16:33 -0500
Processing by StudentsController#edit as HTML
  Parameters: {"id"=>"13"}
  [1m[36mStudent Load (1.4ms)[0m  [1m[34mSELECT "students".* FROM "students" WHERE "students"."id" = ? LIMIT ?[0m  [["id", 13], ["LIMIT", 1]]
  ↳ app/controllers/students_controller.rb:54:in `current_student'
  Rendering students/edit.html.erb within layouts/application
  [1m[36mInstructor Load (1.5ms)[0m  [1m[34mSELECT "instructors".* FROM "instructors"[0m
  ↳ app/views/students/_form.html.erb:18
  Rendered students/_form.html.erb (Duration: 375.7ms | Allocations: 1088162)
  Rendered students/edit.html.erb within layouts/application (Duration: 380.8ms | Allocations: 1133407)
Completed 200 OK in 638ms (Views: 565.3ms | ActiveRecord: 2.9ms | Allocations: 1930238)


Started PATCH "/students/13" for ::1 at 2020-06-25 14:16:42 -0500
Processing by StudentsController#update as HTML
  Parameters: {"authenticity_token"=>"K+83TCAnfq6t+VQJ8kU1Imdni7yqpBggoEYCh5Ecs7CnEzorSkTkhNTwfX2ykLsUyLJPEbzLofdj90kP8h/m8Q==", "student"=>{"name"=>"Chad Palmer", "major"=>"SE", "instructor_id"=>"4", "age"=>"15"}, "commit"=>"Update Student", "id"=>"13"}
  [1m[36mStudent Load (1.2ms)[0m  [1m[34mSELECT "students".* FROM "students" WHERE "students"."id" = ? LIMIT ?[0m  [["id", 13], ["LIMIT", 1]]
  ↳ app/controllers/students_controller.rb:54:in `current_student'
  [1m[35m (18.5ms)[0m  [1m[36mbegin transaction[0m
  ↳ app/controllers/students_controller.rb:42:in `update'
  [1m[36mInstructor Load (1.5ms)[0m  [1m[34mSELECT "instructors".* FROM "instructors" WHERE "instructors"."id" = ? LIMIT ?[0m  [["id", 4], ["LIMIT", 1]]
  ↳ app/controllers/students_controller.rb:42:in `update'
  [1m[35m (0.6ms)[0m  [1m[31mrollback transaction[0m
  ↳ app/controllers/students_controller.rb:42:in `update'
Redirected to http://localhost:3000/students/13
Completed 302 Found in 841ms (ActiveRecord: 21.8ms | Allocations: 1751917)


Started GET "/students/13" for ::1 at 2020-06-25 14:16:43 -0500
Processing by StudentsController#show as HTML
  Parameters: {"id"=>"13"}
  [1m[36mStudent Load (4.8ms)[0m  [1m[34mSELECT "students".* FROM "students" WHERE "students"."id" = ? LIMIT ?[0m  [["id", 13], ["LIMIT", 1]]
  ↳ app/controllers/students_controller.rb:54:in `current_student'
  Rendering students/show.html.erb within layouts/application
  [1m[36mInstructor Load (1.8ms)[0m  [1m[34mSELECT "instructors".* FROM "instructors" WHERE "instructors"."id" = ? LIMIT ?[0m  [["id", 4], ["LIMIT", 1]]
  ↳ app/views/students/show.html.erb:4
  Rendered students/show.html.erb within layouts/application (Duration: 101.2ms | Allocations: 337560)
Completed 200 OK in 386ms (Views: 320.8ms | ActiveRecord: 6.6ms | Allocations: 1182640)


  [1m[35m (1.5ms)[0m  [1m[34mSELECT sqlite_version(*)[0m
  [1m[36mStudent Load (0.2ms)[0m  [1m[34mSELECT "students".* FROM "students" ORDER BY "students"."id" DESC LIMIT ?[0m  [["LIMIT", 1]]
Started GET "/instructors/4" for ::1 at 2020-06-25 14:21:02 -0500
  [1m[35m (1.4ms)[0m  [1m[34mSELECT sqlite_version(*)[0m
  [1m[35m (0.7ms)[0m  [1m[34mSELECT "schema_migrations"."version" FROM "schema_migrations" ORDER BY "schema_migrations"."version" ASC[0m
Processing by InstructorsController#show as HTML
  Parameters: {"id"=>"4"}
  [1m[36mInstructor Load (0.5ms)[0m  [1m[34mSELECT "instructors".* FROM "instructors" WHERE "instructors"."id" = ? LIMIT ?[0m  [["id", 4], ["LIMIT", 1]]
  ↳ app/controllers/instructors_controller.rb:9:in `show'
  Rendering instructors/show.html.erb within layouts/application
  [1m[36mStudent Load (3.7ms)[0m  [1m[34mSELECT "students".* FROM "students" WHERE "students"."instructor_id" = ?[0m  [["instructor_id", 4]]
  ↳ app/views/instructors/show.html.erb:6
  Rendered instructors/show.html.erb within layouts/application (Duration: 177.1ms | Allocations: 9547)
Completed 200 OK in 409ms (Views: 299.6ms | ActiveRecord: 10.0ms | Allocations: 20163)


Started GET "/instructors/4" for ::1 at 2020-06-25 14:23:14 -0500
  [1m[35m (0.1ms)[0m  [1m[34mSELECT sqlite_version(*)[0m
Processing by InstructorsController#show as HTML
  Parameters: {"id"=>"4"}
  [1m[36mInstructor Load (0.4ms)[0m  [1m[34mSELECT "instructors".* FROM "instructors" WHERE "instructors"."id" = ? LIMIT ?[0m  [["id", 4], ["LIMIT", 1]]
  ↳ app/controllers/instructors_controller.rb:9:in `show'
  [1m[36mStudent Load (3.7ms)[0m  [1m[34mSELECT "students".* FROM "students" WHERE "students"."instructor_id" = ?[0m  [["instructor_id", 4]]
  ↳ app/controllers/instructors_controller.rb:10:in `show'
  Rendering instructors/show.html.erb within layouts/application
  Rendered instructors/show.html.erb within layouts/application (Duration: 1.5ms | Allocations: 299)
Completed 200 OK in 125ms (Views: 38.8ms | ActiveRecord: 6.6ms | Allocations: 13957)


Started GET "/instructors/4" for ::1 at 2020-06-25 14:25:36 -0500
  [1m[35m (1.0ms)[0m  [1m[34mSELECT sqlite_version(*)[0m
Processing by InstructorsController#show as HTML
  Parameters: {"id"=>"4"}
  [1m[36mInstructor Load (0.3ms)[0m  [1m[34mSELECT "instructors".* FROM "instructors" WHERE "instructors"."id" = ? LIMIT ?[0m  [["id", 4], ["LIMIT", 1]]
  ↳ app/controllers/instructors_controller.rb:9:in `show'
  Rendering instructors/show.html.erb within layouts/application
  Rendered instructors/show.html.erb within layouts/application (Duration: 8.5ms | Allocations: 1683)
Completed 500 Internal Server Error in 25ms (ActiveRecord: 1.2ms | Allocations: 6841)


  
ActionView::Template::Error (undefined method `avg_age' for nil:NilClass):
    1: <h1> <%= @instructor.name %> </h1>
    2: 
    3: <h3> Average Age: <%= @instrucor.avg_age %> </h3>
    4: 
    5: Students:
    6: 
  
app/views/instructors/show.html.erb:3
Started GET "/instructors/4" for ::1 at 2020-06-25 14:25:52 -0500
Processing by InstructorsController#show as HTML
  Parameters: {"id"=>"4"}
  [1m[36mInstructor Load (0.6ms)[0m  [1m[34mSELECT "instructors".* FROM "instructors" WHERE "instructors"."id" = ? LIMIT ?[0m  [["id", 4], ["LIMIT", 1]]
  ↳ app/controllers/instructors_controller.rb:9:in `show'
  Rendering instructors/show.html.erb within layouts/application
  [1m[36mStudent Load (0.6ms)[0m  [1m[34mSELECT "students".* FROM "students" WHERE "students"."instructor_id" = ?[0m  [["instructor_id", 4]]
  ↳ app/models/instructor.rb:5:in `avg_age'
  Rendered instructors/show.html.erb within layouts/application (Duration: 31.5ms | Allocations: 7540)
Completed 200 OK in 44ms (Views: 36.3ms | ActiveRecord: 2.0ms | Allocations: 10725)


Started GET "/instructors/4" for ::1 at 2020-06-25 14:28:25 -0500
  [1m[35m (0.1ms)[0m  [1m[34mSELECT sqlite_version(*)[0m
Processing by InstructorsController#show as HTML
  Parameters: {"id"=>"4"}
  [1m[36mInstructor Load (0.4ms)[0m  [1m[34mSELECT "instructors".* FROM "instructors" WHERE "instructors"."id" = ? LIMIT ?[0m  [["id", 4], ["LIMIT", 1]]
  ↳ app/controllers/instructors_controller.rb:9:in `show'
  Rendering instructors/show.html.erb within layouts/application
  [1m[35m (0.7ms)[0m  [1m[34mSELECT AVG("students"."age") FROM "students" WHERE "students"."instructor_id" = ?[0m  [["instructor_id", 4]]
  ↳ app/models/instructor.rb:6:in `avg_age'
  [1m[36mStudent Load (0.3ms)[0m  [1m[34mSELECT "students".* FROM "students" WHERE "students"."instructor_id" = ?[0m  [["instructor_id", 4]]
  ↳ app/views/instructors/show.html.erb:8
  Rendered instructors/show.html.erb within layouts/application (Duration: 21.7ms | Allocations: 7859)
Completed 200 OK in 38ms (Views: 25.2ms | ActiveRecord: 2.8ms | Allocations: 14247)


Started GET "/instructors/4" for ::1 at 2020-06-25 14:29:10 -0500
Processing by InstructorsController#show as HTML
  Parameters: {"id"=>"4"}
  [1m[36mInstructor Load (0.1ms)[0m  [1m[34mSELECT "instructors".* FROM "instructors" WHERE "instructors"."id" = ? LIMIT ?[0m  [["id", 4], ["LIMIT", 1]]
  ↳ app/controllers/instructors_controller.rb:9:in `show'
  Rendering instructors/show.html.erb within layouts/application
  [1m[35m (0.1ms)[0m  [1m[34mSELECT AVG("students"."age") FROM "students" WHERE "students"."instructor_id" = ?[0m  [["instructor_id", 4]]
  ↳ app/views/instructors/show.html.erb:3
  [1m[36mStudent Load (0.3ms)[0m  [1m[34mSELECT "students".* FROM "students" WHERE "students"."instructor_id" = ?[0m  [["instructor_id", 4]]
  ↳ app/views/instructors/show.html.erb:8
  Rendered instructors/show.html.erb within layouts/application (Duration: 5.6ms | Allocations: 1763)
Completed 200 OK in 14ms (Views: 11.5ms | ActiveRecord: 0.5ms | Allocations: 4877)


Started GET "/instructors/4" for ::1 at 2020-06-25 14:32:17 -0500
  [1m[35m (0.1ms)[0m  [1m[34mSELECT sqlite_version(*)[0m
Processing by InstructorsController#show as HTML
  Parameters: {"id"=>"4"}
  [1m[36mInstructor Load (0.4ms)[0m  [1m[34mSELECT "instructors".* FROM "instructors" WHERE "instructors"."id" = ? LIMIT ?[0m  [["id", 4], ["LIMIT", 1]]
  ↳ app/controllers/instructors_controller.rb:9:in `show'
  Rendering instructors/show.html.erb within layouts/application
  [1m[35m (6.3ms)[0m  [1m[34mSELECT AVG("students"."age") FROM "students" WHERE "students"."instructor_id" = ?[0m  [["instructor_id", 4]]
  ↳ app/views/instructors/show.html.erb:3
  [1m[36mStudent Load (0.2ms)[0m  [1m[34mSELECT "students".* FROM "students" WHERE "students"."instructor_id" = ?[0m  [["instructor_id", 4]]
  ↳ app/models/instructor.rb:10:in `sort_by'
  Rendered instructors/show.html.erb within layouts/application (Duration: 90.2ms | Allocations: 8049)
Completed 200 OK in 139ms (Views: 103.3ms | ActiveRecord: 14.9ms | Allocations: 15017)


